<?xml version="1.0" encoding="UTF-8"?>
<!-- Generated by org.testng.reporters.JUnitXMLReporter -->
<testsuite ignored="0" hostname="DESKTOP-NRIB7T0" failures="2" tests="2" name="Test" time="0.258" errors="0" timestamp="12 Apr 2024 06:10:48 GMT">
  <testcase classname="com.At.TestCases" name="verifyLastNameFieldIsRequired" time="0.047">
    <failure type="java.lang.NoClassDefFoundError" message="org/openqa/selenium/chromium/ChromiumDriver">
      <![CDATA[java.lang.NoClassDefFoundError: org/openqa/selenium/chromium/ChromiumDriver
at java.base/java.lang.ClassLoader.defineClass1(Native Method)
at java.base/java.lang.ClassLoader.defineClass(ClassLoader.java:1016)
at java.base/java.security.SecureClassLoader.defineClass(SecureClassLoader.java:174)
at java.base/jdk.internal.loader.BuiltinClassLoader.defineClass(BuiltinClassLoader.java:800)
at java.base/jdk.internal.loader.BuiltinClassLoader.findClassOnClassPathOrNull(BuiltinClassLoader.java:698)
at java.base/jdk.internal.loader.BuiltinClassLoader.loadClassOrNull(BuiltinClassLoader.java:621)
at java.base/jdk.internal.loader.BuiltinClassLoader.loadClass(BuiltinClassLoader.java:579)
at java.base/jdk.internal.loader.ClassLoaders$AppClassLoader.loadClass(ClassLoaders.java:178)
at java.base/java.lang.ClassLoader.loadClass(ClassLoader.java:521)
at com.At.TestCases.verifyLastNameFieldIsRequired(TestCases.java:45)
Caused by: java.lang.ClassNotFoundException: org.openqa.selenium.chromium.ChromiumDriver
at java.base/jdk.internal.loader.BuiltinClassLoader.loadClass(BuiltinClassLoader.java:581)
at java.base/jdk.internal.loader.ClassLoaders$AppClassLoader.loadClass(ClassLoaders.java:178)
at java.base/java.lang.ClassLoader.loadClass(ClassLoader.java:521)
... 35 more
... Removed 25 stack frames]]>
    </failure>
  </testcase> <!-- verifyLastNameFieldIsRequired -->
  <testcase classname="com.At.TestCases" name="verifyLastNameFieldIsRequiredOrNot1" time="0.026">
    <failure type="java.lang.NoClassDefFoundError" message="org/openqa/selenium/remote/http/ConnectionFailedException">
      <![CDATA[java.lang.NoClassDefFoundError: org/openqa/selenium/remote/http/ConnectionFailedException
at com.At.TestCases.verifyLastNameFieldIsRequiredOrNot1(TestCases.java:17)
Caused by: java.lang.ClassNotFoundException: org.openqa.selenium.remote.http.ConnectionFailedException
at java.base/jdk.internal.loader.BuiltinClassLoader.loadClass(BuiltinClassLoader.java:581)
at java.base/jdk.internal.loader.ClassLoaders$AppClassLoader.loadClass(ClassLoaders.java:178)
at java.base/java.lang.ClassLoader.loadClass(ClassLoader.java:521)
... 26 more
... Removed 25 stack frames]]>
    </failure>
  </testcase> <!-- verifyLastNameFieldIsRequiredOrNot1 -->
</testsuite> <!-- Test -->
